Arguments: 
  /usr/bin/node17 /usr/share/yarn/bin/yarn.js --proxy socks5://192.168.0.10:8410/ add -D sass pug

PATH: 
  /usr/local/bin:/usr/bin:/bin:/opt/bin:/opt/kde3/bin:/sbin:/sbin

Yarn version: 
  1.22.17

Node version: 
  17.7.0

Platform: 
  linux x64

Trace: 
  Error: https://registry.yarnpkg.com/pinia: tunneling socket could not be established, cause=socket hang up
      at ClientRequest.onError (/usr/share/yarn/lib/cli.js:152369:17)
      at Object.onceWrapper (node:events:642:26)
      at ClientRequest.emit (node:events:527:28)
      at Socket.socketOnEnd (node:_http_client:466:9)
      at Socket.emit (node:events:539:35)
      at endReadableNT (node:internal/streams/readable:1342:12)
      at processTicksAndRejections (node:internal/process/task_queues:83:21)

npm manifest: 
  {
    "name": "dnd5_stats",
    "version": "0.0.0",
    "scripts": {
      "dev": "vite",
      "build": "vue-tsc --noEmit && vite build",
      "preview": "vite preview --port 5050",
      "test:unit": "vitest --environment jsdom",
      "typecheck": "vue-tsc --noEmit -p tsconfig.vitest.json --composite false"
    },
    "dependencies": {
      "pinia": "^2.0.11",
      "vue": "^3.2.31"
    },
    "devDependencies": {
      "@types/jsdom": "^16.2.14",
      "@types/node": "^16.11.25",
      "@vitejs/plugin-vue": "^2.2.2",
      "@vue/test-utils": "^2.0.0-rc.18",
      "@vue/tsconfig": "^0.1.3",
      "jsdom": "^19.0.0",
      "typescript": "~4.5.5",
      "vite": "^2.8.4",
      "vitest": "^0.5.0",
      "vue-tsc": "^0.31.4"
    }
  }

yarn manifest: 
  No manifest

Lockfile: 
  No lockfile
